\BOOKMARK [1][-]{section.1}{\376\377\000M\000o\000t\000i\000v\000a\000t\000i\000o\000n}{}% 1
\BOOKMARK [1][-]{section.2}{\376\377\000U\000n\000i\000v\000e\000r\000s\000e\000\040\000a\000n\000d\000\040\000D\000a\000t\000a}{}% 2
\BOOKMARK [2][-]{subsection.2.1}{\376\377\000I\000n\000v\000e\000s\000t\000m\000e\000n\000t\000\040\000U\000n\000i\000v\000e\000r\000s\000e}{section.2}% 3
\BOOKMARK [2][-]{subsection.2.2}{\376\377\000S\000a\000m\000p\000l\000e\000\040\000P\000e\000r\000i\000o\000d}{section.2}% 4
\BOOKMARK [1][-]{section.3}{\376\377\000F\000e\000a\000t\000u\000r\000e\000\040\000E\000n\000g\000i\000n\000e\000e\000r\000i\000n\000g\000:\000\040\000B\000l\000e\000n\000d\000e\000d\000\040\000M\000o\000m\000e\000n\000t\000u\000m}{}% 5
\BOOKMARK [2][-]{subsection.3.1}{\376\377\000M\000o\000t\000i\000v\000a\000t\000i\000o\000n\000\040\000f\000o\000r\000\040\000B\000l\000e\000n\000d\000i\000n\000g}{section.3}% 6
\BOOKMARK [2][-]{subsection.3.2}{\376\377\000D\000e\000f\000i\000n\000i\000t\000i\000o\000n}{section.3}% 7
\BOOKMARK [2][-]{subsection.3.3}{\376\377\000I\000m\000p\000a\000c\000t\000\040\000o\000n\000\040\000S\000t\000a\000t\000e\000\040\000D\000i\000m\000e\000n\000s\000i\000o\000n}{section.3}% 8
\BOOKMARK [1][-]{section.4}{\376\377\000M\000o\000d\000e\000l\000\040\000F\000o\000r\000m\000u\000l\000a\000t\000i\000o\000n}{}% 9
\BOOKMARK [2][-]{subsection.4.1}{\376\377\000M\000a\000r\000k\000o\000v\000\040\000D\000e\000c\000i\000s\000i\000o\000n\000\040\000P\000r\000o\000c\000e\000s\000s}{section.4}% 10
\BOOKMARK [2][-]{subsection.4.2}{\376\377\000S\000t\000a\000t\000e\000\040\000V\000e\000c\000t\000o\000r}{section.4}% 11
\BOOKMARK [2][-]{subsection.4.3}{\376\377\000A\000c\000t\000i\000o\000n\000\040\000S\000p\000a\000c\000e}{section.4}% 12
\BOOKMARK [2][-]{subsection.4.4}{\376\377\000R\000e\000w\000a\000r\000d\000\040\000F\000u\000n\000c\000t\000i\000o\000n}{section.4}% 13
\BOOKMARK [2][-]{subsection.4.5}{\376\377\000O\000b\000j\000e\000c\000t\000i\000v\000e}{section.4}% 14
\BOOKMARK [1][-]{section.5}{\376\377\000N\000e\000u\000r\000a\000l\000\040\000N\000e\000t\000w\000o\000r\000k\000\040\000A\000r\000c\000h\000i\000t\000e\000c\000t\000u\000r\000e}{}% 15
\BOOKMARK [2][-]{subsection.5.1}{\376\377\000P\000o\000l\000i\000c\000y\000\040\000N\000e\000t\000w\000o\000r\000k\000\040\000\050\000A\000c\000t\000o\000r\000\051}{section.5}% 16
\BOOKMARK [2][-]{subsection.5.2}{\376\377\000V\000a\000l\000u\000e\000\040\000N\000e\000t\000w\000o\000r\000k\000\040\000\050\000C\000r\000i\000t\000i\000c\000\051}{section.5}% 17
\BOOKMARK [1][-]{section.6}{\376\377\000T\000r\000a\000i\000n\000i\000n\000g\000\040\000A\000l\000g\000o\000r\000i\000t\000h\000m}{}% 18
\BOOKMARK [2][-]{subsection.6.1}{\376\377\000P\000r\000o\000x\000i\000m\000a\000l\000\040\000P\000o\000l\000i\000c\000y\000\040\000O\000p\000t\000i\000m\000i\000z\000a\000t\000i\000o\000n}{section.6}% 19
\BOOKMARK [2][-]{subsection.6.2}{\376\377\000G\000e\000n\000e\000r\000a\000l\000i\000s\000e\000d\000\040\000A\000d\000v\000a\000n\000t\000a\000g\000e\000\040\000E\000s\000t\000i\000m\000a\000t\000i\000o\000n}{section.6}% 20
\BOOKMARK [2][-]{subsection.6.3}{\376\377\000T\000r\000a\000i\000n\000i\000n\000g\000\040\000P\000r\000o\000c\000e\000d\000u\000r\000e}{section.6}% 21
\BOOKMARK [2][-]{subsection.6.4}{\376\377\000H\000y\000p\000e\000r\000p\000a\000r\000a\000m\000e\000t\000e\000r\000s}{section.6}% 22
\BOOKMARK [1][-]{section.7}{\376\377\000I\000m\000p\000l\000e\000m\000e\000n\000t\000a\000t\000i\000o\000n\000\040\000D\000e\000s\000i\000g\000n}{}% 23
\BOOKMARK [2][-]{subsection.7.1}{\376\377\000M\000o\000d\000e\000l\000\040\000F\000a\000c\000t\000o\000r\000y\000\040\000P\000a\000t\000t\000e\000r\000n}{section.7}% 24
\BOOKMARK [2][-]{subsection.7.2}{\376\377\000P\000e\000r\000f\000o\000r\000m\000a\000n\000c\000e\000\040\000O\000p\000t\000i\000m\000i\000s\000a\000t\000i\000o\000n\000s}{section.7}% 25
\BOOKMARK [2][-]{subsection.7.3}{\376\377\000T\000r\000a\000i\000n\000\040\000/\000\040\000T\000e\000s\000t\000\040\000R\000e\000g\000i\000s\000t\000r\000y\000\040\000S\000e\000p\000a\000r\000a\000t\000i\000o\000n}{section.7}% 26
\BOOKMARK [1][-]{section.8}{\376\377\000I\000n\000t\000e\000r\000p\000r\000e\000t\000a\000t\000i\000o\000n}{}% 27
\BOOKMARK [1][-]{section.9}{\376\377\000V\000a\000l\000i\000d\000a\000t\000i\000o\000n\000\040\000M\000e\000t\000h\000o\000d\000o\000l\000o\000g\000y}{}% 28
\BOOKMARK [2][-]{subsection.9.1}{\376\377\000O\000u\000t\000-\000o\000f\000-\000S\000a\000m\000p\000l\000e\000\040\000T\000e\000s\000t\000\040\000D\000e\000s\000i\000g\000n}{section.9}% 29
\BOOKMARK [2][-]{subsection.9.2}{\376\377\000P\000e\000r\000f\000o\000r\000m\000a\000n\000c\000e\000\040\000M\000e\000t\000r\000i\000c\000s}{section.9}% 30
\BOOKMARK [1][-]{section.10}{\376\377\000R\000e\000s\000u\000l\000t\000s}{}% 31
\BOOKMARK [2][-]{subsection.10.1}{\376\377\000T\000r\000a\000i\000n\000i\000n\000g\000\040\000M\000e\000t\000r\000i\000c\000s}{section.10}% 32
\BOOKMARK [2][-]{subsection.10.2}{\376\377\000P\000e\000r\000f\000o\000r\000m\000a\000n\000c\000e\000\040\000C\000o\000m\000p\000a\000r\000i\000s\000o\000n}{section.10}% 33
\BOOKMARK [2][-]{subsection.10.3}{\376\377\000F\000u\000l\000l\000-\000S\000a\000m\000p\000l\000e\000\040\000E\000q\000u\000i\000t\000y\000\040\000C\000u\000r\000v\000e}{section.10}% 34
\BOOKMARK [2][-]{subsection.10.4}{\376\377\000K\000e\000y\000\040\000F\000i\000n\000d\000i\000n\000g\000s}{section.10}% 35
\BOOKMARK [1][-]{section.11}{\376\377\000H\000o\000w\000\040\000R\000e\000i\000n\000f\000o\000r\000c\000e\000m\000e\000n\000t\000\040\000L\000e\000a\000r\000n\000i\000n\000g\000\040\000W\000o\000r\000k\000s}{}% 36
\BOOKMARK [2][-]{subsection.11.1}{\376\377\000T\000h\000e\000\040\000C\000o\000r\000e\000\040\000L\000o\000o\000p}{section.11}% 37
\BOOKMARK [2][-]{subsection.11.2}{\376\377\000E\000x\000p\000e\000r\000i\000e\000n\000c\000e\000\040\000C\000o\000l\000l\000e\000c\000t\000i\000o\000n}{section.11}% 38
\BOOKMARK [2][-]{subsection.11.3}{\376\377\000P\000o\000l\000i\000c\000y\000\040\000U\000p\000d\000a\000t\000e\000s\000\040\000w\000i\000t\000h\000\040\000P\000P\000O}{section.11}% 39
\BOOKMARK [2][-]{subsection.11.4}{\376\377\000E\000x\000p\000l\000o\000r\000a\000t\000i\000o\000n\000\040\000v\000s\000.\000\040\000E\000x\000p\000l\000o\000i\000t\000a\000t\000i\000o\000n}{section.11}% 40
\BOOKMARK [2][-]{subsection.11.5}{\376\377\000C\000r\000e\000d\000i\000t\000\040\000A\000s\000s\000i\000g\000n\000m\000e\000n\000t}{section.11}% 41
